Using pre-set license
Built from '2021.3/staging' branch; Version is '2021.3.10f1 (1c7d0df0160b) revision 1867021'; Using compiler version '192829333'; Build Type 'Release'
OS: 'Windows 10  (10.0.19044) 64bit Professional' Language: 'en' Physical Memory: 14284 MB
BatchMode: 1, IsHumanControllingUs: 0, StartBugReporterOnCrash: 0, Is64bit: 1, IsPro: 1

COMMAND LINE ARGUMENTS:
E:\Program Files\Unity Hub\2021.3.10f1\Editor\Unity.exe
-adb2
-batchMode
-noUpm
-name
AssetImportWorker0
-projectPath
F:/Unity Projects/GrabnThrow
-logFile
Logs/AssetImportWorker0.log
-srvPort
54471
Successfully changed project path to: F:/Unity Projects/GrabnThrow
F:/Unity Projects/GrabnThrow
[UnityMemory] Configuration Parameters - Can be set up in boot.config
    "memorysetup-bucket-allocator-granularity=16"
    "memorysetup-bucket-allocator-bucket-count=8"
    "memorysetup-bucket-allocator-block-size=33554432"
    "memorysetup-bucket-allocator-block-count=8"
    "memorysetup-main-allocator-block-size=16777216"
    "memorysetup-thread-allocator-block-size=16777216"
    "memorysetup-gfx-main-allocator-block-size=16777216"
    "memorysetup-gfx-thread-allocator-block-size=16777216"
    "memorysetup-cache-allocator-block-size=4194304"
    "memorysetup-typetree-allocator-block-size=2097152"
    "memorysetup-profiler-bucket-allocator-granularity=16"
    "memorysetup-profiler-bucket-allocator-bucket-count=8"
    "memorysetup-profiler-bucket-allocator-block-size=33554432"
    "memorysetup-profiler-bucket-allocator-block-count=8"
    "memorysetup-profiler-allocator-block-size=16777216"
    "memorysetup-profiler-editor-allocator-block-size=1048576"
    "memorysetup-temp-allocator-size-main=16777216"
    "memorysetup-job-temp-allocator-block-size=2097152"
    "memorysetup-job-temp-allocator-block-size-background=1048576"
    "memorysetup-job-temp-allocator-reduction-small-platforms=262144"
    "memorysetup-temp-allocator-size-background-worker=32768"
    "memorysetup-temp-allocator-size-job-worker=262144"
    "memorysetup-temp-allocator-size-preload-manager=33554432"
    "memorysetup-temp-allocator-size-nav-mesh-worker=65536"
    "memorysetup-temp-allocator-size-audio-worker=65536"
    "memorysetup-temp-allocator-size-cloud-worker=32768"
    "memorysetup-temp-allocator-size-gi-baking-worker=262144"
    "memorysetup-temp-allocator-size-gfx=262144"
Refreshing native plugins compatible for Editor in 149.10 ms, found 3 plugins.
Preloading 0 native plugins for Editor in 0.00 ms.
Initialize engine version: 2021.3.10f1 (1c7d0df0160b)
[Subsystems] Discovering subsystems at path E:/Program Files/Unity Hub/2021.3.10f1/Editor/Data/Resources/UnitySubsystems
[Subsystems] Discovering subsystems at path F:/Unity Projects/GrabnThrow/Assets
GfxDevice: creating device client; threaded=0; jobified=0
Direct3D:
    Version:  Direct3D 11.0 [level 11.1]
    Renderer: AMD Radeon(TM) Vega 8 Graphics (ID=0x15d8)
    Vendor:   ATI
    VRAM:     7142 MB
    Driver:   30.0.13023.4001
Initialize mono
Mono path[0] = 'E:/Program Files/Unity Hub/2021.3.10f1/Editor/Data/Managed'
Mono path[1] = 'E:/Program Files/Unity Hub/2021.3.10f1/Editor/Data/MonoBleedingEdge/lib/mono/unityjit-win32'
Mono config path = 'E:/Program Files/Unity Hub/2021.3.10f1/Editor/Data/MonoBleedingEdge/etc'
Using monoOptions --debugger-agent=transport=dt_socket,embedding=1,server=y,suspend=n,address=127.0.0.1:56904
Begin MonoManager ReloadAssembly
Registering precompiled unity dll's ...
Register platform support module: E:/Program Files/Unity Hub/2021.3.10f1/Editor/Data/PlaybackEngines/WebGLSupport/UnityEditor.WebGL.Extensions.dll
Register platform support module: E:/Program Files/Unity Hub/2021.3.10f1/Editor/Data/PlaybackEngines/WindowsStandaloneSupport/UnityEditor.WindowsStandalone.Extensions.dll
Registered in 0.004843 seconds.
Native extension for WindowsStandalone target not found
Native extension for WebGL target not found
Refreshing native plugins compatible for Editor in 149.92 ms, found 3 plugins.
Preloading 0 native plugins for Editor in 0.00 ms.
Mono: successfully reloaded assembly
- Completed reload, in  0.961 seconds
Domain Reload Profiling:
	ReloadAssembly (962ms)
		BeginReloadAssembly (121ms)
			ExecutionOrderSort (0ms)
			DisableScriptedObjects (0ms)
			BackupInstance (0ms)
			ReleaseScriptingObjects (0ms)
			CreateAndSetChildDomain (1ms)
		EndReloadAssembly (693ms)
			LoadAssemblies (121ms)
			RebuildTransferFunctionScriptingTraits (0ms)
			SetupTypeCache (149ms)
			ReleaseScriptCaches (0ms)
			RebuildScriptCaches (56ms)
			SetupLoadedEditorAssemblies (419ms)
				LogAssemblyErrors (0ms)
				InitializePlatformSupportModulesInManaged (11ms)
				SetLoadedEditorAssemblies (0ms)
				RefreshPlugins (150ms)
				BeforeProcessingInitializeOnLoad (2ms)
				ProcessInitializeOnLoadAttributes (188ms)
				ProcessInitializeOnLoadMethodAttributes (68ms)
				AfterProcessingInitializeOnLoad (0ms)
				EditorAssembliesLoaded (0ms)
			ExecutionOrderSort2 (0ms)
			AwakeInstancesAfterBackupRestoration (0ms)
Platform modules already initialized, skipping
Registering precompiled user dll's ...
Registered in 0.005439 seconds.
Begin MonoManager ReloadAssembly
Symbol file LoadedFromMemory doesn't match image F:\Unity Projects\GrabnThrow\Library\PackageCache\com.unity.visualscripting@1.7.8\Editor\VisualScripting.Core\Dependencies\YamlDotNet\Unity.VisualScripting.YamlDotNet.dll
Symbol file LoadedFromMemory doesn't match image F:\Unity Projects\GrabnThrow\Library\PackageCache\com.unity.visualscripting@1.7.8\Editor\VisualScripting.Core\Dependencies\DotNetZip\Unity.VisualScripting.IonicZip.dll
Native extension for WindowsStandalone target not found
Native extension for WebGL target not found
Refreshing native plugins compatible for Editor in 127.91 ms, found 3 plugins.
Preloading 0 native plugins for Editor in 0.00 ms.
Mono: successfully reloaded assembly
- Completed reload, in  1.574 seconds
Domain Reload Profiling:
	ReloadAssembly (1575ms)
		BeginReloadAssembly (163ms)
			ExecutionOrderSort (0ms)
			DisableScriptedObjects (7ms)
			BackupInstance (0ms)
			ReleaseScriptingObjects (0ms)
			CreateAndSetChildDomain (23ms)
		EndReloadAssembly (1263ms)
			LoadAssemblies (110ms)
			RebuildTransferFunctionScriptingTraits (0ms)
			SetupTypeCache (345ms)
			ReleaseScriptCaches (1ms)
			RebuildScriptCaches (74ms)
			SetupLoadedEditorAssemblies (691ms)
				LogAssemblyErrors (0ms)
				InitializePlatformSupportModulesInManaged (5ms)
				SetLoadedEditorAssemblies (0ms)
				RefreshPlugins (128ms)
				BeforeProcessingInitializeOnLoad (109ms)
				ProcessInitializeOnLoadAttributes (398ms)
				ProcessInitializeOnLoadMethodAttributes (46ms)
				AfterProcessingInitializeOnLoad (4ms)
				EditorAssembliesLoaded (0ms)
			ExecutionOrderSort2 (0ms)
			AwakeInstancesAfterBackupRestoration (8ms)
Platform modules already initialized, skipping
========================================================================
Worker process is ready to serve import requests
Launched and connected shader compiler UnityShaderCompiler.exe after 0.05 seconds
Refreshing native plugins compatible for Editor in 0.76 ms, found 3 plugins.
Preloading 0 native plugins for Editor in 0.00 ms.
Unloading 3911 Unused Serialized files (Serialized files now loaded: 0)
Unloading 44 unused Assets / (184.5 KB). Loaded Objects now: 4372.
Memory consumption went from 142.1 MB to 141.9 MB.
Total: 4.688800 ms (FindLiveObjects: 0.394000 ms CreateObjectMapping: 0.156100 ms MarkObjects: 3.996100 ms  DeleteObjects: 0.141200 ms)

AssetImportParameters requested are different than current active one (requested -> active):
  custom:video-decoder-ogg-theora: a1e56fd34408186e4bbccfd4996cb3dc -> 
  custom:container-muxer-webm: aa71ff27fc2769a1b78a27578f13a17b -> 
  custom:container-demuxer-webm: 4f35f7cbe854078d1ac9338744f61a02 -> 
  custom:video-encoder-webm-vp8: eb34c28f22e8b96e1ab97ce403110664 -> 
  custom:audio-encoder-webm-vorbis: bf7c407c2cedff20999df2af8eb42d56 -> 
  custom:framework-win-MediaFoundation: 216162199b28c13a410421893ffa2e32 -> 
  custom:container-demuxer-ogg: 62fdf1f143b41e24485cea50d1cbac27 -> 
  custom:video-decoder-webm-vp8: 9c59270c3fd7afecdb556c50c9e8de78 -> 
  custom:audio-decoder-ogg-vorbis: bf7c407c2cedff20999df2af8eb42d56 -> 
========================================================================
Received Import Request.
  Time since last request: 85060.798125 seconds.
  path: Assets/3DModels/Stylized Vehicles Pack Free
  artifactKey: Guid(ac3265e161be967488a23ea117cb1e39) Importer(815301076,1909f56bfc062723c751e8b465ee728b)
Start importing Assets/3DModels/Stylized Vehicles Pack Free using Guid(ac3265e161be967488a23ea117cb1e39) Importer(815301076,1909f56bfc062723c751e8b465ee728b)  -> (artifact id: '978b257609de7dd0eef462792b46779a') in 0.012093 seconds 
========================================================================
Received Import Request.
  Time since last request: 0.000025 seconds.
  path: Assets/3DModels/Stylized Vehicles Pack Free/Models
  artifactKey: Guid(8e21b81c780d208448e0db7bcf28d02a) Importer(815301076,1909f56bfc062723c751e8b465ee728b)
Start importing Assets/3DModels/Stylized Vehicles Pack Free/Models using Guid(8e21b81c780d208448e0db7bcf28d02a) Importer(815301076,1909f56bfc062723c751e8b465ee728b)  -> (artifact id: '6c38be375fac8da66887d1d6c8fc900f') in 0.005894 seconds 
========================================================================
Received Import Request.
  Time since last request: 6.203554 seconds.
  path: Assets/Supermarket_Gluttony_Pack/SMGP_Prefabs/SMGP_PRE_256/SMGP_PRE_Mustard_256.prefab
  artifactKey: Guid(f22654afd7f774dd4b92a4f5eb31a6d5) Importer(815301076,1909f56bfc062723c751e8b465ee728b)
Start importing Assets/Supermarket_Gluttony_Pack/SMGP_Prefabs/SMGP_PRE_256/SMGP_PRE_Mustard_256.prefab using Guid(f22654afd7f774dd4b92a4f5eb31a6d5) Importer(815301076,1909f56bfc062723c751e8b465ee728b)  -> (artifact id: '3ce3031085703790299d63b10ef865b5') in 0.168757 seconds 
========================================================================
Received Import Request.
  Time since last request: 0.000030 seconds.
  path: Assets/Supermarket_Gluttony_Pack/SMGP_Prefabs/SMGP_PRE_256/SMGP_PRE_Pasta_256.prefab
  artifactKey: Guid(2c9b9c4e70bb74e1abfbbadc38d2af83) Importer(815301076,1909f56bfc062723c751e8b465ee728b)
Start importing Assets/Supermarket_Gluttony_Pack/SMGP_Prefabs/SMGP_PRE_256/SMGP_PRE_Pasta_256.prefab using Guid(2c9b9c4e70bb74e1abfbbadc38d2af83) Importer(815301076,1909f56bfc062723c751e8b465ee728b)  -> (artifact id: '60bc2acbe23679378281336e509db753') in 0.022336 seconds 
========================================================================
Received Import Request.
  Time since last request: 0.000037 seconds.
  path: Assets/Supermarket_Gluttony_Pack/SMGP_Prefabs/SMGP_PRE_256/SMGP_PRE_Noodles_256.prefab
  artifactKey: Guid(11ca37400d6eb43fb982201662a6c2c0) Importer(815301076,1909f56bfc062723c751e8b465ee728b)
Start importing Assets/Supermarket_Gluttony_Pack/SMGP_Prefabs/SMGP_PRE_256/SMGP_PRE_Noodles_256.prefab using Guid(11ca37400d6eb43fb982201662a6c2c0) Importer(815301076,1909f56bfc062723c751e8b465ee728b)  -> (artifact id: '79c5a867e72aa2caa167eaf6ccf55e57') in 0.027980 seconds 
========================================================================
Received Import Request.
  Time since last request: 0.000031 seconds.
  path: Assets/Supermarket_Gluttony_Pack/SMGP_Prefabs/SMGP_PRE_256/SMGP_PRE_Potato_chips_256.prefab
  artifactKey: Guid(9cf97c2fc78c948bb9c6f40c791f5995) Importer(815301076,1909f56bfc062723c751e8b465ee728b)
Start importing Assets/Supermarket_Gluttony_Pack/SMGP_Prefabs/SMGP_PRE_256/SMGP_PRE_Potato_chips_256.prefab using Guid(9cf97c2fc78c948bb9c6f40c791f5995) Importer(815301076,1909f56bfc062723c751e8b465ee728b)  -> (artifact id: '285a26065af6693c8268e63d2504c99d') in 0.020907 seconds 
========================================================================
Received Import Request.
  Time since last request: 0.000025 seconds.
  path: Assets/Supermarket_Gluttony_Pack/SMGP_Prefabs/SMGP_PRE_256/SMGP_PRE_Pudding_256.prefab
  artifactKey: Guid(1375ac00909e244f89b637481a7becab) Importer(815301076,1909f56bfc062723c751e8b465ee728b)
Start importing Assets/Supermarket_Gluttony_Pack/SMGP_Prefabs/SMGP_PRE_256/SMGP_PRE_Pudding_256.prefab using Guid(1375ac00909e244f89b637481a7becab) Importer(815301076,1909f56bfc062723c751e8b465ee728b)  -> (artifact id: '28594132edc39a775cd805a2a24470bc') in 0.023170 seconds 
========================================================================
Received Import Request.
  Time since last request: 0.000028 seconds.
  path: Assets/Supermarket_Gluttony_Pack/SMGP_Prefabs/SMGP_PRE_256/SMGP_PRE_Peanut_butter_256.prefab
  artifactKey: Guid(f6d28aaafd7e843afacc5f779f119bff) Importer(815301076,1909f56bfc062723c751e8b465ee728b)
Start importing Assets/Supermarket_Gluttony_Pack/SMGP_Prefabs/SMGP_PRE_256/SMGP_PRE_Peanut_butter_256.prefab using Guid(f6d28aaafd7e843afacc5f779f119bff) Importer(815301076,1909f56bfc062723c751e8b465ee728b)  -> (artifact id: '8f1aef970846ae55854c336afe85448c') in 0.020996 seconds 
========================================================================
Received Import Request.
  Time since last request: 0.000024 seconds.
  path: Assets/Supermarket_Gluttony_Pack/SMGP_Prefabs/SMGP_PRE_256/SMGP_PRE_Plastic_box_256.prefab
  artifactKey: Guid(f766a43ab9311453d9ae08a4fbc8d908) Importer(815301076,1909f56bfc062723c751e8b465ee728b)
Start importing Assets/Supermarket_Gluttony_Pack/SMGP_Prefabs/SMGP_PRE_256/SMGP_PRE_Plastic_box_256.prefab using Guid(f766a43ab9311453d9ae08a4fbc8d908) Importer(815301076,1909f56bfc062723c751e8b465ee728b)  -> (artifact id: '3263aa75901063a709fe011fca8c4560') in 0.027245 seconds 
========================================================================
Received Import Request.
  Time since last request: 0.000035 seconds.
  path: Assets/Supermarket_Gluttony_Pack/SMGP_Prefabs/SMGP_PRE_256/SMGP_PRE_Potatoes_256.prefab
  artifactKey: Guid(95fb5a73866b34c07becdf799d54f1f7) Importer(815301076,1909f56bfc062723c751e8b465ee728b)
Start importing Assets/Supermarket_Gluttony_Pack/SMGP_Prefabs/SMGP_PRE_256/SMGP_PRE_Potatoes_256.prefab using Guid(95fb5a73866b34c07becdf799d54f1f7) Importer(815301076,1909f56bfc062723c751e8b465ee728b)  -> (artifact id: '9f258a6d28fee0895dec90799899aded') in 0.022242 seconds 
========================================================================
Received Import Request.
  Time since last request: 0.000029 seconds.
  path: Assets/Supermarket_Gluttony_Pack/SMGP_Prefabs/SMGP_PRE_256/SMGP_PRE_Salami_256.prefab
  artifactKey: Guid(d70cec43afee6426392360137d4da9a6) Importer(815301076,1909f56bfc062723c751e8b465ee728b)
Start importing Assets/Supermarket_Gluttony_Pack/SMGP_Prefabs/SMGP_PRE_256/SMGP_PRE_Salami_256.prefab using Guid(d70cec43afee6426392360137d4da9a6) Importer(815301076,1909f56bfc062723c751e8b465ee728b)  -> (artifact id: 'b0179809f00e0a14a906fc3bc9d272e5') in 0.020821 seconds 
========================================================================
Received Import Request.
  Time since last request: 0.000029 seconds.
  path: Assets/Supermarket_Gluttony_Pack/SMGP_Prefabs/SMGP_PRE_256/SMGP_PRE_Rice_256.prefab
  artifactKey: Guid(8e4a67e239c064967aa693cba08c667f) Importer(815301076,1909f56bfc062723c751e8b465ee728b)
Start importing Assets/Supermarket_Gluttony_Pack/SMGP_Prefabs/SMGP_PRE_256/SMGP_PRE_Rice_256.prefab using Guid(8e4a67e239c064967aa693cba08c667f) Importer(815301076,1909f56bfc062723c751e8b465ee728b)  -> (artifact id: '76056f897412479c9d4df8ce7f3bbffa') in 0.021701 seconds 
========================================================================
Received Import Request.
  Time since last request: 1.230026 seconds.
  path: Assets/Supermarket_Gluttony_Pack/SMGP_Prefabs/SMGP_PRE_256/SMGP_PRE_Salmon_256.prefab
  artifactKey: Guid(cf9d9eded3d6f48cd828e95267c07881) Importer(815301076,1909f56bfc062723c751e8b465ee728b)
Start importing Assets/Supermarket_Gluttony_Pack/SMGP_Prefabs/SMGP_PRE_256/SMGP_PRE_Salmon_256.prefab using Guid(cf9d9eded3d6f48cd828e95267c07881) Importer(815301076,1909f56bfc062723c751e8b465ee728b)  -> (artifact id: '6f08cc8326ae9c71ab58a85444b7de68') in 0.040623 seconds 
========================================================================
Received Import Request.
  Time since last request: 0.000027 seconds.
  path: Assets/Supermarket_Gluttony_Pack/SMGP_Prefabs/SMGP_PRE_256/SMGP_PRE_Salt_256.prefab
  artifactKey: Guid(bca67307b1dd144b7b00116c37347010) Importer(815301076,1909f56bfc062723c751e8b465ee728b)
Start importing Assets/Supermarket_Gluttony_Pack/SMGP_Prefabs/SMGP_PRE_256/SMGP_PRE_Salt_256.prefab using Guid(bca67307b1dd144b7b00116c37347010) Importer(815301076,1909f56bfc062723c751e8b465ee728b)  -> (artifact id: '356ef3c6cbad69be392a93c7a368db26') in 0.031118 seconds 
========================================================================
Received Import Request.
  Time since last request: 0.000028 seconds.
  path: Assets/Supermarket_Gluttony_Pack/SMGP_Prefabs/SMGP_PRE_256/SMGP_PRE_Sushi_dinner_01_256 1.prefab
  artifactKey: Guid(c8cc28b767b9ad34586a1e1875e26de4) Importer(815301076,1909f56bfc062723c751e8b465ee728b)
Start importing Assets/Supermarket_Gluttony_Pack/SMGP_Prefabs/SMGP_PRE_256/SMGP_PRE_Sushi_dinner_01_256 1.prefab using Guid(c8cc28b767b9ad34586a1e1875e26de4) Importer(815301076,1909f56bfc062723c751e8b465ee728b)  -> (artifact id: '4faa2b4172b06105aeacab714b4d5c93') in 0.040630 seconds 
========================================================================
Received Import Request.
  Time since last request: 0.000026 seconds.
  path: Assets/Supermarket_Gluttony_Pack/SMGP_Prefabs/SMGP_PRE_256/SMGP_pre_Soda_bottle_01_256.prefab
  artifactKey: Guid(17232be6d47e94043800735a81173337) Importer(815301076,1909f56bfc062723c751e8b465ee728b)
Start importing Assets/Supermarket_Gluttony_Pack/SMGP_Prefabs/SMGP_PRE_256/SMGP_pre_Soda_bottle_01_256.prefab using Guid(17232be6d47e94043800735a81173337) Importer(815301076,1909f56bfc062723c751e8b465ee728b)  -> (artifact id: '430980a34821aac691a3b7dd30f10725') in 0.048790 seconds 
========================================================================
Received Import Request.
  Time since last request: 0.000051 seconds.
  path: Assets/Supermarket_Gluttony_Pack/SMGP_Prefabs/SMGP_PRE_256/SMGP_PRE_Sushi_nigiri_256.prefab
  artifactKey: Guid(f6721ee65801945dd810e0013120fd5f) Importer(815301076,1909f56bfc062723c751e8b465ee728b)
Start importing Assets/Supermarket_Gluttony_Pack/SMGP_Prefabs/SMGP_PRE_256/SMGP_PRE_Sushi_nigiri_256.prefab using Guid(f6721ee65801945dd810e0013120fd5f) Importer(815301076,1909f56bfc062723c751e8b465ee728b)  -> (artifact id: 'b2b1cb7342b33c5935dc513664f2ffc6') in 0.031829 seconds 
========================================================================
Received Import Request.
  Time since last request: 0.000032 seconds.
  path: Assets/Supermarket_Gluttony_Pack/SMGP_Prefabs/SMGP_PRE_256/SMGP_PRE_Whipped_cream_256.prefab
  artifactKey: Guid(47c34c6ece255490299352f988c3802b) Importer(815301076,1909f56bfc062723c751e8b465ee728b)
Start importing Assets/Supermarket_Gluttony_Pack/SMGP_Prefabs/SMGP_PRE_256/SMGP_PRE_Whipped_cream_256.prefab using Guid(47c34c6ece255490299352f988c3802b) Importer(815301076,1909f56bfc062723c751e8b465ee728b)  -> (artifact id: '665e074ed53f2cd54707c31cfb5053b3') in 0.026987 seconds 
========================================================================
Received Import Request.
  Time since last request: 0.000040 seconds.
  path: Assets/Supermarket_Gluttony_Pack/SMGP_Prefabs/SMGP_PRE_256/SMGP_PRE_Sushi_dinner_02_256.prefab
  artifactKey: Guid(5c2fee325cd194f968354cfa424957bf) Importer(815301076,1909f56bfc062723c751e8b465ee728b)
Start importing Assets/Supermarket_Gluttony_Pack/SMGP_Prefabs/SMGP_PRE_256/SMGP_PRE_Sushi_dinner_02_256.prefab using Guid(5c2fee325cd194f968354cfa424957bf) Importer(815301076,1909f56bfc062723c751e8b465ee728b)  -> (artifact id: 'd50e65b2cf7e97975335eed4eec1e747') in 0.038204 seconds 
========================================================================
Received Import Request.
  Time since last request: 0.000029 seconds.
  path: Assets/Supermarket_Gluttony_Pack/SMGP_Prefabs/SMGP_PRE_256/SMGP_PRE_Sushi_chutoro_256.prefab
  artifactKey: Guid(554390708dd2e4e8db29ac367defc5c9) Importer(815301076,1909f56bfc062723c751e8b465ee728b)
Start importing Assets/Supermarket_Gluttony_Pack/SMGP_Prefabs/SMGP_PRE_256/SMGP_PRE_Sushi_chutoro_256.prefab using Guid(554390708dd2e4e8db29ac367defc5c9) Importer(815301076,1909f56bfc062723c751e8b465ee728b)  -> (artifact id: '55d9c245091b908b484d1d907b076433') in 0.025405 seconds 
========================================================================
Received Import Request.
  Time since last request: 0.000031 seconds.
  path: Assets/Supermarket_Gluttony_Pack/SMGP_Prefabs/SMGP_PRE_256/SMGP_PRE_Sushi_ebi_256.prefab
  artifactKey: Guid(c29b217e10b414a35908a34225ccd41b) Importer(815301076,1909f56bfc062723c751e8b465ee728b)
Start importing Assets/Supermarket_Gluttony_Pack/SMGP_Prefabs/SMGP_PRE_256/SMGP_PRE_Sushi_ebi_256.prefab using Guid(c29b217e10b414a35908a34225ccd41b) Importer(815301076,1909f56bfc062723c751e8b465ee728b)  -> (artifact id: '659b24ea21ab7603e61d6f31080cc8d6') in 0.030950 seconds 
========================================================================
Received Import Request.
  Time since last request: 0.000025 seconds.
  path: Assets/Supermarket_Gluttony_Pack/SMGP_Prefabs/SMGP_PRE_256/SMGP_PRE_Soup_256.prefab
  artifactKey: Guid(ea65277389b4e4d8289a9dbd3cfd198e) Importer(815301076,1909f56bfc062723c751e8b465ee728b)
Start importing Assets/Supermarket_Gluttony_Pack/SMGP_Prefabs/SMGP_PRE_256/SMGP_PRE_Soup_256.prefab using Guid(ea65277389b4e4d8289a9dbd3cfd198e) Importer(815301076,1909f56bfc062723c751e8b465ee728b)  -> (artifact id: 'f57879f17a4e8bb6119c94d17689c46d') in 0.025871 seconds 
========================================================================
Received Import Request.
  Time since last request: 0.000030 seconds.
  path: Assets/Supermarket_Gluttony_Pack/SMGP_Prefabs/SMGP_PRE_256/SMGP_PRE_Sushi_dinner_05_256.prefab
  artifactKey: Guid(ee679fb0aa6a44dc6bddd4f1030a4449) Importer(815301076,1909f56bfc062723c751e8b465ee728b)
Start importing Assets/Supermarket_Gluttony_Pack/SMGP_Prefabs/SMGP_PRE_256/SMGP_PRE_Sushi_dinner_05_256.prefab using Guid(ee679fb0aa6a44dc6bddd4f1030a4449) Importer(815301076,1909f56bfc062723c751e8b465ee728b)  -> (artifact id: '7cbf9ce262729d49a3fea7f0605c079e') in 0.031160 seconds 
========================================================================
Received Import Request.
  Time since last request: 0.000029 seconds.
  path: Assets/Supermarket_Gluttony_Pack/SMGP_Prefabs/SMGP_PRE_256/SMGP_PRE_Sushi_tamagoyaki_256.prefab
  artifactKey: Guid(d6fc25fbae4be44b59260ea711cfe637) Importer(815301076,1909f56bfc062723c751e8b465ee728b)
Start importing Assets/Supermarket_Gluttony_Pack/SMGP_Prefabs/SMGP_PRE_256/SMGP_PRE_Sushi_tamagoyaki_256.prefab using Guid(d6fc25fbae4be44b59260ea711cfe637) Importer(815301076,1909f56bfc062723c751e8b465ee728b)  -> (artifact id: '2b60cbd242807ca4948f23cd90683313') in 0.022766 seconds 
========================================================================
Received Import Request.
  Time since last request: 0.000031 seconds.
  path: Assets/Supermarket_Gluttony_Pack/SMGP_Prefabs/SMGP_PRE_256/SMGP_PRE_Sushi_piece_256.prefab
  artifactKey: Guid(bf0d1d0ff89d548fa8b6282751bb408f) Importer(815301076,1909f56bfc062723c751e8b465ee728b)
Start importing Assets/Supermarket_Gluttony_Pack/SMGP_Prefabs/SMGP_PRE_256/SMGP_PRE_Sushi_piece_256.prefab using Guid(bf0d1d0ff89d548fa8b6282751bb408f) Importer(815301076,1909f56bfc062723c751e8b465ee728b)  -> (artifact id: '271303173e3316075722fa4f8ea680c6') in 0.024426 seconds 
========================================================================
Received Import Request.
  Time since last request: 0.000036 seconds.
  path: Assets/Supermarket_Gluttony_Pack/SMGP_Prefabs/SMGP_PRE_256/SMGP_PRE_Sugar_256.prefab
  artifactKey: Guid(4cf469341b775420fb5210649bdd95cc) Importer(815301076,1909f56bfc062723c751e8b465ee728b)
Start importing Assets/Supermarket_Gluttony_Pack/SMGP_Prefabs/SMGP_PRE_256/SMGP_PRE_Sugar_256.prefab using Guid(4cf469341b775420fb5210649bdd95cc) Importer(815301076,1909f56bfc062723c751e8b465ee728b)  -> (artifact id: 'f8ffdaedf657d2a9cb8ae142f4f03a5c') in 0.024073 seconds 
========================================================================
Received Import Request.
  Time since last request: 0.000030 seconds.
  path: Assets/Supermarket_Gluttony_Pack/SMGP_Prefabs/SMGP_PRE_256/SMGP_PRE_Salt_crackers_256.prefab
  artifactKey: Guid(babe36f8ef59648139bece882cb5a7eb) Importer(815301076,1909f56bfc062723c751e8b465ee728b)
Start importing Assets/Supermarket_Gluttony_Pack/SMGP_Prefabs/SMGP_PRE_256/SMGP_PRE_Salt_crackers_256.prefab using Guid(babe36f8ef59648139bece882cb5a7eb) Importer(815301076,1909f56bfc062723c751e8b465ee728b)  -> (artifact id: '4c9e5dc7936c8a2e0413b56aaa8b8d21') in 0.025110 seconds 
========================================================================
Received Import Request.
  Time since last request: 0.000030 seconds.
  path: Assets/Supermarket_Gluttony_Pack/SMGP_Prefabs/SMGP_PRE_256/SMGP_PRE_Sushi_dinner_03_256.prefab
  artifactKey: Guid(2af81254e13d94dbfbfb572aef397e82) Importer(815301076,1909f56bfc062723c751e8b465ee728b)
Start importing Assets/Supermarket_Gluttony_Pack/SMGP_Prefabs/SMGP_PRE_256/SMGP_PRE_Sushi_dinner_03_256.prefab using Guid(2af81254e13d94dbfbfb572aef397e82) Importer(815301076,1909f56bfc062723c751e8b465ee728b)  -> (artifact id: '6c853959382411634994f176eae745bf') in 0.028058 seconds 
========================================================================
Received Import Request.
  Time since last request: 0.000031 seconds.
  path: Assets/Supermarket_Gluttony_Pack/SMGP_Prefabs/SMGP_PRE_256/SMGP_PRE_Six_pack_256.prefab
  artifactKey: Guid(e1dec84b1762944cfbcbdc5f08fd4346) Importer(815301076,1909f56bfc062723c751e8b465ee728b)
Start importing Assets/Supermarket_Gluttony_Pack/SMGP_Prefabs/SMGP_PRE_256/SMGP_PRE_Six_pack_256.prefab using Guid(e1dec84b1762944cfbcbdc5f08fd4346) Importer(815301076,1909f56bfc062723c751e8b465ee728b)  -> (artifact id: 'ec451f433d742f4da2638ccd09fbd08c') in 0.031085 seconds 
========================================================================
Received Import Request.
  Time since last request: 0.000027 seconds.
  path: Assets/Supermarket_Gluttony_Pack/SMGP_Prefabs/SMGP_PRE_256/SMGP_PRE_Soda_256.prefab
  artifactKey: Guid(72860b1092ce249a384154030d07abbf) Importer(815301076,1909f56bfc062723c751e8b465ee728b)
Start importing Assets/Supermarket_Gluttony_Pack/SMGP_Prefabs/SMGP_PRE_256/SMGP_PRE_Soda_256.prefab using Guid(72860b1092ce249a384154030d07abbf) Importer(815301076,1909f56bfc062723c751e8b465ee728b)  -> (artifact id: '0b037dec46a7f90ee2acc8473d0be090') in 0.024439 seconds 
========================================================================
Received Import Request.
  Time since last request: 0.000029 seconds.
  path: Assets/Supermarket_Gluttony_Pack/SMGP_Prefabs/SMGP_PRE_256/SMGP_PRE_Tuna_256.prefab
  artifactKey: Guid(0539a837d467c415db40fed4bae3e58f) Importer(815301076,1909f56bfc062723c751e8b465ee728b)
Start importing Assets/Supermarket_Gluttony_Pack/SMGP_Prefabs/SMGP_PRE_256/SMGP_PRE_Tuna_256.prefab using Guid(0539a837d467c415db40fed4bae3e58f) Importer(815301076,1909f56bfc062723c751e8b465ee728b)  -> (artifact id: 'b52dbac6f88da0ce756f14cdab8c5ae3') in 0.025663 seconds 
========================================================================
Received Import Request.
  Time since last request: 0.000028 seconds.
  path: Assets/Supermarket_Gluttony_Pack/SMGP_Prefabs/SMGP_PRE_256/SMGP_PRE_Sushi_dinner_04_256.prefab
  artifactKey: Guid(35eaa1fe711c149e39b00cd7b7fced73) Importer(815301076,1909f56bfc062723c751e8b465ee728b)
Start importing Assets/Supermarket_Gluttony_Pack/SMGP_Prefabs/SMGP_PRE_256/SMGP_PRE_Sushi_dinner_04_256.prefab using Guid(35eaa1fe711c149e39b00cd7b7fced73) Importer(815301076,1909f56bfc062723c751e8b465ee728b)  -> (artifact id: 'f84496d7baa01e3fb52d71678e9980cd') in 0.030136 seconds 
========================================================================
Received Prepare
Registering precompiled user dll's ...
Registered in 0.005186 seconds.
Begin MonoManager ReloadAssembly
Symbol file LoadedFromMemory doesn't match image F:\Unity Projects\GrabnThrow\Library\PackageCache\com.unity.visualscripting@1.7.8\Editor\VisualScripting.Core\Dependencies\YamlDotNet\Unity.VisualScripting.YamlDotNet.dll
Symbol file LoadedFromMemory doesn't match image F:\Unity Projects\GrabnThrow\Library\PackageCache\com.unity.visualscripting@1.7.8\Editor\VisualScripting.Core\Dependencies\DotNetZip\Unity.VisualScripting.IonicZip.dll
Native extension for WindowsStandalone target not found
Native extension for WebGL target not found
Refreshing native plugins compatible for Editor in 0.83 ms, found 3 plugins.
Preloading 0 native plugins for Editor in 0.00 ms.
Mono: successfully reloaded assembly
- Completed reload, in  1.336 seconds
Domain Reload Profiling:
	ReloadAssembly (1337ms)
		BeginReloadAssembly (176ms)
			ExecutionOrderSort (0ms)
			DisableScriptedObjects (5ms)
			BackupInstance (0ms)
			ReleaseScriptingObjects (0ms)
			CreateAndSetChildDomain (41ms)
		EndReloadAssembly (1050ms)
			LoadAssemblies (114ms)
			RebuildTransferFunctionScriptingTraits (0ms)
			SetupTypeCache (341ms)
			ReleaseScriptCaches (1ms)
			RebuildScriptCaches (56ms)
			SetupLoadedEditorAssemblies (503ms)
				LogAssemblyErrors (0ms)
				InitializePlatformSupportModulesInManaged (16ms)
				SetLoadedEditorAssemblies (1ms)
				RefreshPlugins (1ms)
				BeforeProcessingInitializeOnLoad (75ms)
				ProcessInitializeOnLoadAttributes (344ms)
				ProcessInitializeOnLoadMethodAttributes (61ms)
				AfterProcessingInitializeOnLoad (5ms)
				EditorAssembliesLoaded (0ms)
			ExecutionOrderSort2 (0ms)
			AwakeInstancesAfterBackupRestoration (6ms)
Platform modules already initialized, skipping
Refreshing native plugins compatible for Editor in 1.96 ms, found 3 plugins.
Preloading 0 native plugins for Editor in 0.00 ms.
Unloading 3893 Unused Serialized files (Serialized files now loaded: 0)
Unloading 23 unused Assets / (151.1 KB). Loaded Objects now: 4397.
Memory consumption went from 145.2 MB to 145.1 MB.
Total: 4.706800 ms (FindLiveObjects: 0.409800 ms CreateObjectMapping: 0.168200 ms MarkObjects: 3.994600 ms  DeleteObjects: 0.132900 ms)

AssetImportParameters requested are different than current active one (requested -> active):
  custom:video-decoder-ogg-theora: a1e56fd34408186e4bbccfd4996cb3dc -> 
  custom:container-muxer-webm: aa71ff27fc2769a1b78a27578f13a17b -> 
  custom:container-demuxer-webm: 4f35f7cbe854078d1ac9338744f61a02 -> 
  custom:video-encoder-webm-vp8: eb34c28f22e8b96e1ab97ce403110664 -> 
  custom:audio-encoder-webm-vorbis: bf7c407c2cedff20999df2af8eb42d56 -> 
  custom:framework-win-MediaFoundation: 216162199b28c13a410421893ffa2e32 -> 
  custom:container-demuxer-ogg: 62fdf1f143b41e24485cea50d1cbac27 -> 
  custom:video-decoder-webm-vp8: 9c59270c3fd7afecdb556c50c9e8de78 -> 
  custom:audio-decoder-ogg-vorbis: bf7c407c2cedff20999df2af8eb42d56 -> 
========================================================================
Received Import Request.
  Time since last request: 575.440535 seconds.
  path: Assets/Scenes/Pickup.cs
  artifactKey: Guid(139a369d18edd534ba7ce8539db2b5d3) Importer(815301076,1909f56bfc062723c751e8b465ee728b)
Start importing Assets/Scenes/Pickup.cs using Guid(139a369d18edd534ba7ce8539db2b5d3) Importer(815301076,1909f56bfc062723c751e8b465ee728b)  -> (artifact id: 'f8ce9a8330b4c0805a9d63d67085e9ca') in 0.016929 seconds 
========================================================================
Received Prepare
Registering precompiled user dll's ...
Registered in 0.004213 seconds.
Begin MonoManager ReloadAssembly
Symbol file LoadedFromMemory doesn't match image F:\Unity Projects\GrabnThrow\Library\PackageCache\com.unity.visualscripting@1.7.8\Editor\VisualScripting.Core\Dependencies\YamlDotNet\Unity.VisualScripting.YamlDotNet.dll
Symbol file LoadedFromMemory doesn't match image F:\Unity Projects\GrabnThrow\Library\PackageCache\com.unity.visualscripting@1.7.8\Editor\VisualScripting.Core\Dependencies\DotNetZip\Unity.VisualScripting.IonicZip.dll
Native extension for WindowsStandalone target not found
Native extension for WebGL target not found
Refreshing native plugins compatible for Editor in 0.96 ms, found 3 plugins.
Preloading 0 native plugins for Editor in 0.00 ms.
Mono: successfully reloaded assembly
- Completed reload, in  1.479 seconds
Domain Reload Profiling:
	ReloadAssembly (1480ms)
		BeginReloadAssembly (322ms)
			ExecutionOrderSort (0ms)
			DisableScriptedObjects (47ms)
			BackupInstance (0ms)
			ReleaseScriptingObjects (0ms)
			CreateAndSetChildDomain (59ms)
		EndReloadAssembly (1048ms)
			LoadAssemblies (116ms)
			RebuildTransferFunctionScriptingTraits (0ms)
			SetupTypeCache (341ms)
			ReleaseScriptCaches (1ms)
			RebuildScriptCaches (57ms)
			SetupLoadedEditorAssemblies (498ms)
				LogAssemblyErrors (0ms)
				InitializePlatformSupportModulesInManaged (16ms)
				SetLoadedEditorAssemblies (1ms)
				RefreshPlugins (1ms)
				BeforeProcessingInitializeOnLoad (76ms)
				ProcessInitializeOnLoadAttributes (341ms)
				ProcessInitializeOnLoadMethodAttributes (59ms)
				AfterProcessingInitializeOnLoad (3ms)
				EditorAssembliesLoaded (0ms)
			ExecutionOrderSort2 (0ms)
			AwakeInstancesAfterBackupRestoration (6ms)
Platform modules already initialized, skipping
Refreshing native plugins compatible for Editor in 1.97 ms, found 3 plugins.
Preloading 0 native plugins for Editor in 0.00 ms.
Unloading 3891 Unused Serialized files (Serialized files now loaded: 0)
Unloading 25 unused Assets / (151.1 KB). Loaded Objects now: 4410.
Memory consumption went from 145.2 MB to 145.1 MB.
Total: 4.665600 ms (FindLiveObjects: 0.312400 ms CreateObjectMapping: 0.100000 ms MarkObjects: 4.121700 ms  DeleteObjects: 0.130100 ms)

AssetImportParameters requested are different than current active one (requested -> active):
  custom:video-decoder-ogg-theora: a1e56fd34408186e4bbccfd4996cb3dc -> 
  custom:container-muxer-webm: aa71ff27fc2769a1b78a27578f13a17b -> 
  custom:container-demuxer-webm: 4f35f7cbe854078d1ac9338744f61a02 -> 
  custom:video-encoder-webm-vp8: eb34c28f22e8b96e1ab97ce403110664 -> 
  custom:audio-encoder-webm-vorbis: bf7c407c2cedff20999df2af8eb42d56 -> 
  custom:framework-win-MediaFoundation: 216162199b28c13a410421893ffa2e32 -> 
  custom:container-demuxer-ogg: 62fdf1f143b41e24485cea50d1cbac27 -> 
  custom:video-decoder-webm-vp8: 9c59270c3fd7afecdb556c50c9e8de78 -> 
  custom:audio-decoder-ogg-vorbis: bf7c407c2cedff20999df2af8eb42d56 -> 
========================================================================
Received Import Request.
  Time since last request: 238.056668 seconds.
  path: Assets/3DModels/Stylized Vehicles Pack Free/Materials/PixelColors.psd
  artifactKey: Guid(a17377efbdd1a3b41a30d86102020dc5) Importer(815301076,1909f56bfc062723c751e8b465ee728b)
Start importing Assets/3DModels/Stylized Vehicles Pack Free/Materials/PixelColors.psd using Guid(a17377efbdd1a3b41a30d86102020dc5) Importer(815301076,1909f56bfc062723c751e8b465ee728b)  -> (artifact id: 'f7a5af76a500ccd145b33f1b86d1550a') in 0.091825 seconds 
========================================================================
Received Import Request.
  Time since last request: 0.000030 seconds.
  path: Assets/3DModels/Stylized Vehicles Pack Free/Materials/SpecialLight2.mat
  artifactKey: Guid(fb2ab18a8d946034fa188ace09bfe055) Importer(815301076,1909f56bfc062723c751e8b465ee728b)
Start importing Assets/3DModels/Stylized Vehicles Pack Free/Materials/SpecialLight2.mat using Guid(fb2ab18a8d946034fa188ace09bfe055) Importer(815301076,1909f56bfc062723c751e8b465ee728b)  -> (artifact id: '1409a4ef435649bbb0e1637a9b829880') in 0.149302 seconds 
========================================================================
Received Import Request.
  Time since last request: 0.000037 seconds.
  path: Assets/3DModels/Stylized Vehicles Pack Free/Materials/SpecialLight1.mat
  artifactKey: Guid(2f34479458402064aa355e6d98186952) Importer(815301076,1909f56bfc062723c751e8b465ee728b)
Start importing Assets/3DModels/Stylized Vehicles Pack Free/Materials/SpecialLight1.mat using Guid(2f34479458402064aa355e6d98186952) Importer(815301076,1909f56bfc062723c751e8b465ee728b)  -> (artifact id: '132780e9cf9c360d0729aeb7f940a3c4') in 0.049765 seconds 
